%!Adobe-FontList 1.22
%Locale:0x416

%BeginFont
Handler:DirectoryHandler
FontType:CMap
CMapName:78-EUC-H
Registry:Adobe
Ordering:Japan1
OutlineFileName:C:\Program Files\Adobe\Adobe InDesign 2021\Resources\cooltype\typesupport\CMaps\78-EUC-H
FileLength:15520
FileModTime:1623329632
%EndFont

%BeginFont
Handler:DirectoryHandler
FontType:CMap
CMapName:78-EUC-V
Registry:Adobe
Ordering:Japan1
UseCMap:78-EUC-H
OutlineFileName:C:\Program Files\Adobe\Adobe InDesign 2021\Resources\cooltype\typesupport\CMaps\78-EUC-V
FileLength:3324
FileModTime:1623329632
%EndFont

%BeginFont
Handler:DirectoryHandler
FontType:CMap
CMapName:78-H
Registry:Adobe
Ordering:Japan1
OutlineFileName:C:\Program Files\Adobe\Adobe InDesign 2021\Resources\cooltype\typesupport\CMaps\78-H
FileLength:15389
FileModTime:1623329632
%EndFont

%BeginFont
Handler:DirectoryHandler
FontType:CMap
CMapName:78-RKSJ-H
Registry:Adobe
Ordering:Japan1
OutlineFileName:C:\Program Files\Adobe\Adobe InDesign 2021\Resources\cooltype\typesupport\CMaps\78-RKSJ-H
FileLength:15553
FileModTime:1623329632
%EndFont

%BeginFont
Handler:DirectoryHandler
FontType:CMap
CMapName:78-RKSJ-V
Registry:Adobe
Ordering:Japan1
UseCMap:78-RKSJ-H
OutlineFileName:C:\Program Files\Adobe\Adobe InDesign 2021\Resources\cooltype\typesupport\CMaps\78-RKSJ-V
FileLength:3330
FileModTime:1623329632
%EndFont

%BeginFont
Handler:DirectoryHandler
FontType:CMap
CMapName:78-V
Registry:Adobe
Ordering:Japan1
UseCMap:78-H
OutlineFileName:C:\Program Files\Adobe\Adobe InDesign 2021\Resources\cooltype\typesupport\CMaps\78-V
FileLength:3300
FileModTime:1623329632
%EndFont

%BeginFont
Handler:DirectoryHandler
FontType:CMap
CMapName:78ms-RKSJ-H
Registry:Adobe
Ordering:Japan1
OutlineFileName:C:\Program Files\Adobe\Adobe InDesign 2021\Resources\cooltype\typesupport\CMaps\78ms-RKSJ-H
FileLength:17316
FileModTime:1623329632
%EndFont

%BeginFont
Handler:DirectoryHandler
FontType:CMap
CMapName:78ms-RKSJ-V
Registry:Adobe
Ordering:Japan1
UseCMap:78ms-RKSJ-H
OutlineFileName:C:\Program Files\Adobe\Adobe InDesign 2021\Resources\cooltype\typesupport\CMaps\78ms-RKSJ-V
FileLength:4362
FileModTime:1623329632
%EndFont

%BeginFont
Handler:DirectoryHandler
FontType:CMap
CMapName:83pv-RKSJ-H
Registry:Adobe
Ordering:Japan1
OutlineFileName:C:\Program Files\Adobe\Adobe InDesign 2021\Resources\cooltype\typesupport\CMaps\83pv-RKSJ-H
FileLength:7392
FileModTime:1623329632
%EndFont

%BeginFont
Handler:DirectoryHandler
FontType:CMap
CMapName:90ms-RKSJ-H
Registry:Adobe
Ordering:Japan1
OutlineFileName:C:\Program Files\Adobe\Adobe InDesign 2021\Resources\cooltype\typesupport\CMaps\90ms-RKSJ-H
FileLength:6327
FileModTime:1623329632
%EndFont

%BeginFont
Handler:DirectoryHandler
FontType:CMap
CMapName:90ms-RKSJ-V
Registry:Adobe
Ordering:Japan1
UseCMap:90ms-RKSJ-H
OutlineFileName:C:\Program Files\Adobe\Adobe InDesign 2021\Resources\cooltype\typesupport\CMaps\90ms-RKSJ-V
FileLength:4383
FileModTime:1623329632
%EndFont

%BeginFont
Handler:DirectoryHandler
FontType:CMap
CMapName:90msp-RKSJ-H
Registry:Adobe
Ordering:Japan1
OutlineFileName:C:\Program Files\Adobe\Adobe InDesign 2021\Resources\cooltype\typesupport\CMaps\90msp-RKSJ-H
FileLength:6256
FileModTime:1623329632
%EndFont

%BeginFont
Handler:DirectoryHandler
FontType:CMap
CMapName:90msp-RKSJ-V
Registry:Adobe
Ordering:Japan1
UseCMap:90msp-RKSJ-H
OutlineFileName:C:\Program Files\Adobe\Adobe InDesign 2021\Resources\cooltype\typesupport\CMaps\90msp-RKSJ-V
FileLength:4365
FileModTime:1623329632
%EndFont

%BeginFont
Handler:DirectoryHandler
FontType:CMap
CMapName:90pv-RKSJ-H
Registry:Adobe
Ordering:Japan1
OutlineFileName:C:\Program Files\Adobe\Adobe InDesign 2021\Resources\cooltype\typesupport\CMaps\90pv-RKSJ-H
FileLength:8168
FileModTime:1623329632
%EndFont

%BeginFont
Handler:DirectoryHandler
FontType:CMap
CMapName:90pv-RKSJ-V
Registry:Adobe
Ordering:Japan1
UseCMap:90pv-RKSJ-H
OutlineFileName:C:\Program Files\Adobe\Adobe InDesign 2021\Resources\cooltype\typesupport\CMaps\90pv-RKSJ-V
FileLength:3842
FileModTime:1623329632
%EndFont

%BeginFont
Handler:DirectoryHandler
FontType:CMap
CMapName:Add-H
Registry:Adobe
Ordering:Japan1
OutlineFileName:C:\Program Files\Adobe\Adobe InDesign 2021\Resources\cooltype\typesupport\CMaps\Add-H
FileLength:15579
FileModTime:1623329632
%EndFont

%BeginFont
Handler:DirectoryHandler
FontType:CMap
CMapName:Add-RKSJ-H
Registry:Adobe
Ordering:Japan1
OutlineFileName:C:\Program Files\Adobe\Adobe InDesign 2021\Resources\cooltype\typesupport\CMaps\Add-RKSJ-H
FileLength:15774
FileModTime:1623329632
%EndFont

%BeginFont
Handler:DirectoryHandler
FontType:CMap
CMapName:Add-RKSJ-V
Registry:Adobe
Ordering:Japan1
UseCMap:Add-RKSJ-H
OutlineFileName:C:\Program Files\Adobe\Adobe InDesign 2021\Resources\cooltype\typesupport\CMaps\Add-RKSJ-V
FileLength:3956
FileModTime:1623329632
%EndFont

%BeginFont
Handler:DirectoryHandler
FontType:CMap
CMapName:Add-V
Registry:Adobe
Ordering:Japan1
UseCMap:Add-H
OutlineFileName:C:\Program Files\Adobe\Adobe InDesign 2021\Resources\cooltype\typesupport\CMaps\Add-V
FileLength:3926
FileModTime:1623329632
%EndFont

%BeginFont
Handler:DirectoryHandler
FontType:CMap
CMapName:Adobe-CNS1-0
Registry:Adobe
Ordering:CNS1
OutlineFileName:C:\Program Files\Adobe\Adobe InDesign 2021\Resources\cooltype\typesupport\CMaps\Adobe-CNS1-0
FileLength:3963
FileModTime:1623329632
%EndFont

%BeginFont
Handler:DirectoryHandler
FontType:CMap
CMapName:Adobe-CNS1-1
Registry:Adobe
Ordering:CNS1
OutlineFileName:C:\Program Files\Adobe\Adobe InDesign 2021\Resources\cooltype\typesupport\CMaps\Adobe-CNS1-1
FileLength:4147
FileModTime:1623329632
%EndFont

%BeginFont
Handler:DirectoryHandler
FontType:CMap
CMapName:Adobe-CNS1-2
Registry:Adobe
Ordering:CNS1
OutlineFileName:C:\Program Files\Adobe\Adobe InDesign 2021\Resources\cooltype\typesupport\CMaps\Adobe-CNS1-2
FileLength:4168
FileModTime:1623329632
%EndFont

%BeginFont
Handler:DirectoryHandler
FontType:CMap
CMapName:Adobe-CNS1-3
Registry:Adobe
Ordering:CNS1
OutlineFileName:C:\Program Files\Adobe\Adobe InDesign 2021\Resources\cooltype\typesupport\CMaps\Adobe-CNS1-3
FileLength:4273
FileModTime:1623329632
%EndFont

%BeginFont
Handler:DirectoryHandler
FontType:CMap
CMapName:Adobe-CNS1-4
Registry:Adobe
Ordering:CNS1
OutlineFileName:C:\Program Files\Adobe\Adobe InDesign 2021\Resources\cooltype\typesupport\CMaps\Adobe-CNS1-4
FileLength:4294
FileModTime:1623329632
%EndFont

%BeginFont
Handler:DirectoryHandler
FontType:CMap
CMapName:Adobe-CNS1-5
Registry:Adobe
Ordering:CNS1
OutlineFileName:C:\Program Files\Adobe\Adobe InDesign 2021\Resources\cooltype\typesupport\CMaps\Adobe-CNS1-5
FileLength:4294
FileModTime:1623329632
%EndFont

%BeginFont
Handler:DirectoryHandler
FontType:CMap
CMapName:Adobe-CNS1-6
Registry:Adobe
Ordering:CNS1
OutlineFileName:C:\Program Files\Adobe\Adobe InDesign 2021\Resources\cooltype\typesupport\CMaps\Adobe-CNS1-6
FileLength:4294
FileModTime:1623329632
%EndFont

%BeginFont
Handler:DirectoryHandler
FontType:CMap
CMapName:Adobe-GB1-0
Registry:Adobe
Ordering:GB1
OutlineFileName:C:\Program Files\Adobe\Adobe InDesign 2021\Resources\cooltype\typesupport\CMaps\Adobe-GB1-0
FileLength:3401
FileModTime:1623329632
%EndFont

%BeginFont
Handler:DirectoryHandler
FontType:CMap
CMapName:Adobe-GB1-1
Registry:Adobe
Ordering:GB1
OutlineFileName:C:\Program Files\Adobe\Adobe InDesign 2021\Resources\cooltype\typesupport\CMaps\Adobe-GB1-1
FileLength:3563
FileModTime:1623329632
%EndFont

%BeginFont
Handler:DirectoryHandler
FontType:CMap
CMapName:Adobe-GB1-2
Registry:Adobe
Ordering:GB1
OutlineFileName:C:\Program Files\Adobe\Adobe InDesign 2021\Resources\cooltype\typesupport\CMaps\Adobe-GB1-2
FileLength:4565
FileModTime:1623329632
%EndFont

%BeginFont
Handler:DirectoryHandler
FontType:CMap
CMapName:Adobe-GB1-3
Registry:Adobe
Ordering:GB1
OutlineFileName:C:\Program Files\Adobe\Adobe InDesign 2021\Resources\cooltype\typesupport\CMaps\Adobe-GB1-3
FileLength:4564
FileModTime:1623329632
%EndFont

%BeginFont
Handler:DirectoryHandler
FontType:CMap
CMapName:Adobe-GB1-4
Registry:Adobe
Ordering:GB1
OutlineFileName:C:\Program Files\Adobe\Adobe InDesign 2021\Resources\cooltype\typesupport\CMaps\Adobe-GB1-4
FileLength:5146
FileModTime:1623329632
%EndFont

%BeginFont
Handler:DirectoryHandler
FontType:CMap
CMapName:Adobe-GB1-5
Registry:Adobe
Ordering:GB1
OutlineFileName:C:\Program Files\Adobe\Adobe InDesign 2021\Resources\cooltype\typesupport\CMaps\Adobe-GB1-5
FileLength:5251
FileModTime:1623329632
%EndFont

%BeginFont
Handler:DirectoryHandler
FontType:CMap
CMapName:Adobe-Japan1-0
Registry:Adobe
Ordering:Japan1
OutlineFileName:C:\Program Files\Adobe\Adobe InDesign 2021\Resources\cooltype\typesupport\CMaps\Adobe-Japan1-0
FileLength:3452
FileModTime:1623329632
%EndFont

%BeginFont
Handler:DirectoryHandler
FontType:CMap
CMapName:Adobe-Japan1-1
Registry:Adobe
Ordering:Japan1
OutlineFileName:C:\Program Files\Adobe\Adobe InDesign 2021\Resources\cooltype\typesupport\CMaps\Adobe-Japan1-1
FileLength:3453
FileModTime:1623329632
%EndFont

%BeginFont
Handler:DirectoryHandler
FontType:CMap
CMapName:Adobe-Japan1-2
Registry:Adobe
Ordering:Japan1
OutlineFileName:C:\Program Files\Adobe\Adobe InDesign 2021\Resources\cooltype\typesupport\CMaps\Adobe-Japan1-2
FileLength:3493
FileModTime:1623329632
%EndFont

%BeginFont
Handler:DirectoryHandler
FontType:CMap
CMapName:Adobe-Japan1-3
Registry:Adobe
Ordering:Japan1
OutlineFileName:C:\Program Files\Adobe\Adobe InDesign 2021\Resources\cooltype\typesupport\CMaps\Adobe-Japan1-3
FileLength:3504
FileModTime:1623329632
%EndFont

%BeginFont
Handler:DirectoryHandler
FontType:CMap
CMapName:Adobe-Japan1-4
Registry:Adobe
Ordering:Japan1
OutlineFileName:C:\Program Files\Adobe\Adobe InDesign 2021\Resources\cooltype\typesupport\CMaps\Adobe-Japan1-4
FileLength:4006
FileModTime:1623329632
%EndFont

%BeginFont
Handler:DirectoryHandler
FontType:CMap
CMapName:Adobe-Japan1-5
Registry:Adobe
Ordering:Japan1
OutlineFileName:C:\Program Files\Adobe\Adobe InDesign 2021\Resources\cooltype\typesupport\CMaps\Adobe-Japan1-5
FileLength:4405
FileModTime:1623329632
%EndFont

%BeginFont
Handler:DirectoryHandler
FontType:CMap
CMapName:Adobe-Japan1-6
Registry:Adobe
Ordering:Japan1
OutlineFileName:C:\Program Files\Adobe\Adobe InDesign 2021\Resources\cooltype\typesupport\CMaps\Adobe-Japan1-6
FileLength:4636
FileModTime:1623329632
%EndFont

%BeginFont
Handler:DirectoryHandler
FontType:CMap
CMapName:Adobe-Japan1-7
Registry:Adobe
Ordering:Japan1
OutlineFileName:C:\Program Files\Adobe\Adobe InDesign 2021\Resources\cooltype\typesupport\CMaps\Adobe-Japan1-7
FileLength:4610
FileModTime:1623329632
%EndFont

%BeginFont
Handler:DirectoryHandler
FontType:CMap
CMapName:Adobe-Japan2-0
Registry:Adobe
Ordering:Japan2
OutlineFileName:C:\Program Files\Adobe\Adobe InDesign 2021\Resources\cooltype\typesupport\CMaps\Adobe-Japan2-0
FileLength:3270
FileModTime:1623329632
%EndFont

%BeginFont
Handler:DirectoryHandler
FontType:CMap
CMapName:Adobe-KR-0
Registry:Adobe
Ordering:KR
OutlineFileName:C:\Program Files\Adobe\Adobe InDesign 2021\Resources\cooltype\typesupport\CMaps\Adobe-KR-0
FileLength:2966
FileModTime:1623329632
%EndFont

%BeginFont
Handler:DirectoryHandler
FontType:CMap
CMapName:Adobe-KR-1
Registry:Adobe
Ordering:KR
OutlineFileName:C:\Program Files\Adobe\Adobe InDesign 2021\Resources\cooltype\typesupport\CMaps\Adobe-KR-1
FileLength:3106
FileModTime:1623329632
%EndFont

%BeginFont
Handler:DirectoryHandler
FontType:CMap
CMapName:Adobe-KR-2
Registry:Adobe
Ordering:KR
OutlineFileName:C:\Program Files\Adobe\Adobe InDesign 2021\Resources\cooltype\typesupport\CMaps\Adobe-KR-2
FileLength:3632
FileModTime:1623329632
%EndFont

%BeginFont
Handler:DirectoryHandler
FontType:CMap
CMapName:Adobe-KR-3
Registry:Adobe
Ordering:KR
OutlineFileName:C:\Program Files\Adobe\Adobe InDesign 2021\Resources\cooltype\typesupport\CMaps\Adobe-KR-3
FileLength:3653
FileModTime:1623329632
%EndFont

%BeginFont
Handler:DirectoryHandler
FontType:CMap
CMapName:Adobe-KR-4
Registry:Adobe
Ordering:KR
OutlineFileName:C:\Program Files\Adobe\Adobe InDesign 2021\Resources\cooltype\typesupport\CMaps\Adobe-KR-4
FileLength:3674
FileModTime:1623329632
%EndFont

%BeginFont
Handler:DirectoryHandler
FontType:CMap
CMapName:Adobe-KR-5
Registry:Adobe
Ordering:KR
OutlineFileName:C:\Program Files\Adobe\Adobe InDesign 2021\Resources\cooltype\typesupport\CMaps\Adobe-KR-5
FileLength:3695
FileModTime:1623329632
%EndFont

%BeginFont
Handler:DirectoryHandler
FontType:CMap
CMapName:Adobe-KR-6
Registry:Adobe
Ordering:KR
OutlineFileName:C:\Program Files\Adobe\Adobe InDesign 2021\Resources\cooltype\typesupport\CMaps\Adobe-KR-6
FileLength:3863
FileModTime:1623329632
%EndFont

%BeginFont
Handler:DirectoryHandler
FontType:CMap
CMapName:Adobe-KR-7
Registry:Adobe
Ordering:KR
OutlineFileName:C:\Program Files\Adobe\Adobe InDesign 2021\Resources\cooltype\typesupport\CMaps\Adobe-KR-7
FileLength:4241
FileModTime:1623329632
%EndFont

%BeginFont
Handler:DirectoryHandler
FontType:CMap
CMapName:Adobe-KR-8
Registry:Adobe
Ordering:KR
OutlineFileName:C:\Program Files\Adobe\Adobe InDesign 2021\Resources\cooltype\typesupport\CMaps\Adobe-KR-8
FileLength:4535
FileModTime:1623329632
%EndFont

%BeginFont
Handler:DirectoryHandler
FontType:CMap
CMapName:Adobe-KR-9
Registry:Adobe
Ordering:KR
OutlineFileName:C:\Program Files\Adobe\Adobe InDesign 2021\Resources\cooltype\typesupport\CMaps\Adobe-KR-9
FileLength:4577
FileModTime:1623329632
%EndFont

%BeginFont
Handler:DirectoryHandler
FontType:CMap
CMapName:Adobe-Korea1-0
Registry:Adobe
Ordering:Korea1
OutlineFileName:C:\Program Files\Adobe\Adobe InDesign 2021\Resources\cooltype\typesupport\CMaps\Adobe-Korea1-0
FileLength:3547
FileModTime:1623329632
%EndFont

%BeginFont
Handler:DirectoryHandler
FontType:CMap
CMapName:Adobe-Korea1-1
Registry:Adobe
Ordering:Korea1
OutlineFileName:C:\Program Files\Adobe\Adobe InDesign 2021\Resources\cooltype\typesupport\CMaps\Adobe-Korea1-1
FileLength:4238
FileModTime:1623329632
%EndFont

%BeginFont
Handler:DirectoryHandler
FontType:CMap
CMapName:Adobe-Korea1-2
Registry:Adobe
Ordering:Korea1
OutlineFileName:C:\Program Files\Adobe\Adobe InDesign 2021\Resources\cooltype\typesupport\CMaps\Adobe-Korea1-2
FileLength:4237
FileModTime:1623329632
%EndFont

%BeginFont
Handler:DirectoryHandler
FontType:CMap
CMapName:B5-H
Registry:Adobe
Ordering:CNS1
OutlineFileName:C:\Program Files\Adobe\Adobe InDesign 2021\Resources\cooltype\typesupport\CMaps\B5-H
FileLength:7824
FileModTime:1623329632
%EndFont

%BeginFont
Handler:DirectoryHandler
FontType:CMap
CMapName:B5-V
Registry:Adobe
Ordering:CNS1
UseCMap:B5-H
OutlineFileName:C:\Program Files\Adobe\Adobe InDesign 2021\Resources\cooltype\typesupport\CMaps\B5-V
FileLength:3012
FileModTime:1623329632
%EndFont

%BeginFont
Handler:DirectoryHandler
FontType:CMap
CMapName:B5pc-H
Registry:Adobe
Ordering:CNS1
OutlineFileName:C:\Program Files\Adobe\Adobe InDesign 2021\Resources\cooltype\typesupport\CMaps\B5pc-H
FileLength:7882
FileModTime:1623329632
%EndFont

%BeginFont
Handler:DirectoryHandler
FontType:CMap
CMapName:B5pc-V
Registry:Adobe
Ordering:CNS1
UseCMap:B5pc-H
OutlineFileName:C:\Program Files\Adobe\Adobe InDesign 2021\Resources\cooltype\typesupport\CMaps\B5pc-V
FileLength:3024
FileModTime:1623329632
%EndFont

%BeginFont
Handler:DirectoryHandler
FontType:CMap
CMapName:CNS-EUC-H
Registry:Adobe
Ordering:CNS1
OutlineFileName:C:\Program Files\Adobe\Adobe InDesign 2021\Resources\cooltype\typesupport\CMaps\CNS-EUC-H
FileLength:12734
FileModTime:1623329632
%EndFont

%BeginFont
Handler:DirectoryHandler
FontType:CMap
CMapName:CNS-EUC-V
Registry:Adobe
Ordering:CNS1
OutlineFileName:C:\Program Files\Adobe\Adobe InDesign 2021\Resources\cooltype\typesupport\CMaps\CNS-EUC-V
FileLength:13814
FileModTime:1623329632
%EndFont

%BeginFont
Handler:DirectoryHandler
FontType:CMap
CMapName:CNS1-H
Registry:Adobe
Ordering:CNS1
OutlineFileName:C:\Program Files\Adobe\Adobe InDesign 2021\Resources\cooltype\typesupport\CMaps\CNS1-H
FileLength:5846
FileModTime:1623329632
%EndFont

%BeginFont
Handler:DirectoryHandler
FontType:CMap
CMapName:CNS1-V
Registry:Adobe
Ordering:CNS1
UseCMap:CNS1-H
OutlineFileName:C:\Program Files\Adobe\Adobe InDesign 2021\Resources\cooltype\typesupport\CMaps\CNS1-V
FileLength:3020
FileModTime:1623329632
%EndFont

%BeginFont
Handler:DirectoryHandler
FontType:CMap
CMapName:CNS2-H
Registry:Adobe
Ordering:CNS1
OutlineFileName:C:\Program Files\Adobe\Adobe InDesign 2021\Resources\cooltype\typesupport\CMaps\CNS2-H
FileLength:4433
FileModTime:1623329632
%EndFont

%BeginFont
Handler:DirectoryHandler
FontType:CMap
CMapName:CNS2-V
Registry:Adobe
Ordering:CNS1
UseCMap:CNS2-H
OutlineFileName:C:\Program Files\Adobe\Adobe InDesign 2021\Resources\cooltype\typesupport\CMaps\CNS2-V
FileLength:2757
FileModTime:1623329632
%EndFont

%BeginFont
Handler:DirectoryHandler
FontType:CMap
CMapName:ETHK-B5-H
Registry:Adobe
Ordering:CNS1
OutlineFileName:C:\Program Files\Adobe\Adobe InDesign 2021\Resources\cooltype\typesupport\CMaps\ETHK-B5-H
FileLength:24528
FileModTime:1623329632
%EndFont

%BeginFont
Handler:DirectoryHandler
FontType:CMap
CMapName:ETHK-B5-V
Registry:Adobe
Ordering:CNS1
UseCMap:ETHK-B5-H
OutlineFileName:C:\Program Files\Adobe\Adobe InDesign 2021\Resources\cooltype\typesupport\CMaps\ETHK-B5-V
FileLength:3043
FileModTime:1623329632
%EndFont

%BeginFont
Handler:DirectoryHandler
FontType:CMap
CMapName:ETen-B5-H
Registry:Adobe
Ordering:CNS1
OutlineFileName:C:\Program Files\Adobe\Adobe InDesign 2021\Resources\cooltype\typesupport\CMaps\ETen-B5-H
FileLength:8044
FileModTime:1623329632
%EndFont

%BeginFont
Handler:DirectoryHandler
FontType:CMap
CMapName:ETen-B5-V
Registry:Adobe
Ordering:CNS1
UseCMap:ETen-B5-H
OutlineFileName:C:\Program Files\Adobe\Adobe InDesign 2021\Resources\cooltype\typesupport\CMaps\ETen-B5-V
FileLength:3063
FileModTime:1623329632
%EndFont

%BeginFont
Handler:DirectoryHandler
FontType:CMap
CMapName:ETenms-B5-H
Registry:Adobe
Ordering:CNS1
UseCMap:ETen-B5-H
OutlineFileName:C:\Program Files\Adobe\Adobe InDesign 2021\Resources\cooltype\typesupport\CMaps\ETenms-B5-H
FileLength:2806
FileModTime:1623329632
%EndFont

%BeginFont
Handler:DirectoryHandler
FontType:CMap
CMapName:ETenms-B5-V
Registry:Adobe
Ordering:CNS1
UseCMap:ETenms-B5-H
OutlineFileName:C:\Program Files\Adobe\Adobe InDesign 2021\Resources\cooltype\typesupport\CMaps\ETenms-B5-V
FileLength:3138
FileModTime:1623329632
%EndFont

%BeginFont
Handler:DirectoryHandler
FontType:CMap
CMapName:EUC-H
Registry:Adobe
Ordering:Japan1
OutlineFileName:C:\Program Files\Adobe\Adobe InDesign 2021\Resources\cooltype\typesupport\CMaps\EUC-H
FileLength:5280
FileModTime:1623329632
%EndFont

%BeginFont
Handler:DirectoryHandler
FontType:CMap
CMapName:EUC-V
Registry:Adobe
Ordering:Japan1
UseCMap:EUC-H
OutlineFileName:C:\Program Files\Adobe\Adobe InDesign 2021\Resources\cooltype\typesupport\CMaps\EUC-V
FileLength:3326
FileModTime:1623329632
%EndFont

%BeginFont
Handler:DirectoryHandler
FontType:CMap
CMapName:Ext-H
Registry:Adobe
Ordering:Japan1
OutlineFileName:C:\Program Files\Adobe\Adobe InDesign 2021\Resources\cooltype\typesupport\CMaps\Ext-H
FileLength:16179
FileModTime:1623329632
%EndFont

%BeginFont
Handler:DirectoryHandler
FontType:CMap
CMapName:Ext-RKSJ-H
Registry:Adobe
Ordering:Japan1
OutlineFileName:C:\Program Files\Adobe\Adobe InDesign 2021\Resources\cooltype\typesupport\CMaps\Ext-RKSJ-H
FileLength:16373
FileModTime:1623329632
%EndFont

%BeginFont
Handler:DirectoryHandler
FontType:CMap
CMapName:Ext-RKSJ-V
Registry:Adobe
Ordering:Japan1
UseCMap:Ext-RKSJ-H
OutlineFileName:C:\Program Files\Adobe\Adobe InDesign 2021\Resources\cooltype\typesupport\CMaps\Ext-RKSJ-V
FileLength:3596
FileModTime:1623329632
%EndFont

%BeginFont
Handler:DirectoryHandler
FontType:CMap
CMapName:Ext-V
Registry:Adobe
Ordering:Japan1
UseCMap:Ext-H
OutlineFileName:C:\Program Files\Adobe\Adobe InDesign 2021\Resources\cooltype\typesupport\CMaps\Ext-V
FileLength:3566
FileModTime:1623329632
%EndFont

%BeginFont
Handler:DirectoryHandler
FontType:CMap
CMapName:GB-EUC-H
Registry:Adobe
Ordering:GB1
OutlineFileName:C:\Program Files\Adobe\Adobe InDesign 2021\Resources\cooltype\typesupport\CMaps\GB-EUC-H
FileLength:4598
FileModTime:1623329632
%EndFont

%BeginFont
Handler:DirectoryHandler
FontType:CMap
CMapName:GB-EUC-V
Registry:Adobe
Ordering:GB1
UseCMap:GB-EUC-H
OutlineFileName:C:\Program Files\Adobe\Adobe InDesign 2021\Resources\cooltype\typesupport\CMaps\GB-EUC-V
FileLength:3196
FileModTime:1623329632
%EndFont

%BeginFont
Handler:DirectoryHandler
FontType:CMap
CMapName:GB-H
Registry:Adobe
Ordering:GB1
OutlineFileName:C:\Program Files\Adobe\Adobe InDesign 2021\Resources\cooltype\typesupport\CMaps\GB-H
FileLength:4486
FileModTime:1623329632
%EndFont

%BeginFont
Handler:DirectoryHandler
FontType:CMap
CMapName:GB-V
Registry:Adobe
Ordering:GB1
UseCMap:GB-H
OutlineFileName:C:\Program Files\Adobe\Adobe InDesign 2021\Resources\cooltype\typesupport\CMaps\GB-V
FileLength:3172
FileModTime:1623329632
%EndFont

%BeginFont
Handler:DirectoryHandler
FontType:CMap
CMapName:GBK-EUC-H
Registry:Adobe
Ordering:GB1
OutlineFileName:C:\Program Files\Adobe\Adobe InDesign 2021\Resources\cooltype\typesupport\CMaps\GBK-EUC-H
FileLength:87373
FileModTime:1623329632
%EndFont

%BeginFont
Handler:DirectoryHandler
FontType:CMap
CMapName:GBK-EUC-V
Registry:Adobe
Ordering:GB1
UseCMap:GBK-EUC-H
OutlineFileName:C:\Program Files\Adobe\Adobe InDesign 2021\Resources\cooltype\typesupport\CMaps\GBK-EUC-V
FileLength:3184
FileModTime:1623329632
%EndFont

%BeginFont
Handler:DirectoryHandler
FontType:CMap
CMapName:GBK2K-H
Registry:Adobe
Ordering:GB1
OutlineFileName:C:\Program Files\Adobe\Adobe InDesign 2021\Resources\cooltype\typesupport\CMaps\GBK2K-H
FileLength:96249
FileModTime:1623329632
%EndFont

%BeginFont
Handler:DirectoryHandler
FontType:CMap
CMapName:GBK2K-V
Registry:Adobe
Ordering:GB1
UseCMap:GBK2K-H
OutlineFileName:C:\Program Files\Adobe\Adobe InDesign 2021\Resources\cooltype\typesupport\CMaps\GBK2K-V
FileLength:3598
FileModTime:1623329632
%EndFont

%BeginFont
Handler:DirectoryHandler
FontType:CMap
CMapName:GBKp-EUC-H
Registry:Adobe
Ordering:GB1
OutlineFileName:C:\Program Files\Adobe\Adobe InDesign 2021\Resources\cooltype\typesupport\CMaps\GBKp-EUC-H
FileLength:87353
FileModTime:1623329632
%EndFont

%BeginFont
Handler:DirectoryHandler
FontType:CMap
CMapName:GBKp-EUC-V
Registry:Adobe
Ordering:GB1
UseCMap:GBKp-EUC-H
OutlineFileName:C:\Program Files\Adobe\Adobe InDesign 2021\Resources\cooltype\typesupport\CMaps\GBKp-EUC-V
FileLength:3190
FileModTime:1623329632
%EndFont

%BeginFont
Handler:DirectoryHandler
FontType:CMap
CMapName:GBT-EUC-H
Registry:Adobe
Ordering:GB1
OutlineFileName:C:\Program Files\Adobe\Adobe InDesign 2021\Resources\cooltype\typesupport\CMaps\GBT-EUC-H
FileLength:49203
FileModTime:1623329632
%EndFont

%BeginFont
Handler:DirectoryHandler
FontType:CMap
CMapName:GBT-EUC-V
Registry:Adobe
Ordering:GB1
UseCMap:GBT-EUC-H
OutlineFileName:C:\Program Files\Adobe\Adobe InDesign 2021\Resources\cooltype\typesupport\CMaps\GBT-EUC-V
FileLength:3204
FileModTime:1623329632
%EndFont

%BeginFont
Handler:DirectoryHandler
FontType:CMap
CMapName:GBT-H
Registry:Adobe
Ordering:GB1
OutlineFileName:C:\Program Files\Adobe\Adobe InDesign 2021\Resources\cooltype\typesupport\CMaps\GBT-H
FileLength:49091
FileModTime:1623329632
%EndFont

%BeginFont
Handler:DirectoryHandler
FontType:CMap
CMapName:GBT-V
Registry:Adobe
Ordering:GB1
UseCMap:GBT-H
OutlineFileName:C:\Program Files\Adobe\Adobe InDesign 2021\Resources\cooltype\typesupport\CMaps\GBT-V
FileLength:3180
FileModTime:1623329632
%EndFont

%BeginFont
Handler:DirectoryHandler
FontType:CMap
CMapName:GBTpc-EUC-H
Registry:Adobe
Ordering:GB1
OutlineFileName:C:\Program Files\Adobe\Adobe InDesign 2021\Resources\cooltype\typesupport\CMaps\GBTpc-EUC-H
FileLength:49235
FileModTime:1623329632
%EndFont

%BeginFont
Handler:DirectoryHandler
FontType:CMap
CMapName:GBTpc-EUC-V
Registry:Adobe
Ordering:GB1
UseCMap:GBTpc-EUC-H
OutlineFileName:C:\Program Files\Adobe\Adobe InDesign 2021\Resources\cooltype\typesupport\CMaps\GBTpc-EUC-V
FileLength:3216
FileModTime:1623329632
%EndFont

%BeginFont
Handler:DirectoryHandler
FontType:CMap
CMapName:GBpc-EUC-H
Registry:Adobe
Ordering:GB1
OutlineFileName:C:\Program Files\Adobe\Adobe InDesign 2021\Resources\cooltype\typesupport\CMaps\GBpc-EUC-H
FileLength:4628
FileModTime:1623329632
%EndFont

%BeginFont
Handler:DirectoryHandler
FontType:CMap
CMapName:GBpc-EUC-V
Registry:Adobe
Ordering:GB1
UseCMap:GBpc-EUC-H
OutlineFileName:C:\Program Files\Adobe\Adobe InDesign 2021\Resources\cooltype\typesupport\CMaps\GBpc-EUC-V
FileLength:3208
FileModTime:1623329632
%EndFont

%BeginFont
Handler:DirectoryHandler
FontType:CMap
CMapName:H
Registry:Adobe
Ordering:Japan1
OutlineFileName:C:\Program Files\Adobe\Adobe InDesign 2021\Resources\cooltype\typesupport\CMaps\H
FileLength:5139
FileModTime:1623329632
%EndFont

%BeginFont
Handler:DirectoryHandler
FontType:CMap
CMapName:HKdla-B5-H
Registry:Adobe
Ordering:CNS1
OutlineFileName:C:\Program Files\Adobe\Adobe InDesign 2021\Resources\cooltype\typesupport\CMaps\HKdla-B5-H
FileLength:24400
FileModTime:1623329632
%EndFont

%BeginFont
Handler:DirectoryHandler
FontType:CMap
CMapName:HKdla-B5-V
Registry:Adobe
Ordering:CNS1
UseCMap:HKdla-B5-H
OutlineFileName:C:\Program Files\Adobe\Adobe InDesign 2021\Resources\cooltype\typesupport\CMaps\HKdla-B5-V
FileLength:3028
FileModTime:1623329632
%EndFont

%BeginFont
Handler:DirectoryHandler
FontType:CMap
CMapName:HKdlb-B5-H
Registry:Adobe
Ordering:CNS1
OutlineFileName:C:\Program Files\Adobe\Adobe InDesign 2021\Resources\cooltype\typesupport\CMaps\HKdlb-B5-H
FileLength:21942
FileModTime:1623329632
%EndFont

%BeginFont
Handler:DirectoryHandler
FontType:CMap
CMapName:HKdlb-B5-V
Registry:Adobe
Ordering:CNS1
UseCMap:HKdlb-B5-H
OutlineFileName:C:\Program Files\Adobe\Adobe InDesign 2021\Resources\cooltype\typesupport\CMaps\HKdlb-B5-V
FileLength:3028
FileModTime:1623329632
%EndFont

%BeginFont
Handler:DirectoryHandler
FontType:CMap
CMapName:HKgccs-B5-H
Registry:Adobe
Ordering:CNS1
OutlineFileName:C:\Program Files\Adobe\Adobe InDesign 2021\Resources\cooltype\typesupport\CMaps\HKgccs-B5-H
FileLength:14371
FileModTime:1623329632
%EndFont

%BeginFont
Handler:DirectoryHandler
FontType:CMap
CMapName:HKgccs-B5-V
Registry:Adobe
Ordering:CNS1
UseCMap:HKgccs-B5-H
OutlineFileName:C:\Program Files\Adobe\Adobe InDesign 2021\Resources\cooltype\typesupport\CMaps\HKgccs-B5-V
FileLength:3034
FileModTime:1623329632
%EndFont

%BeginFont
Handler:DirectoryHandler
FontType:CMap
CMapName:HKm314-B5-H
Registry:Adobe
Ordering:CNS1
OutlineFileName:C:\Program Files\Adobe\Adobe InDesign 2021\Resources\cooltype\typesupport\CMaps\HKm314-B5-H
FileLength:14174
FileModTime:1623329632
%EndFont

%BeginFont
Handler:DirectoryHandler
FontType:CMap
CMapName:HKm314-B5-V
Registry:Adobe
Ordering:CNS1
UseCMap:HKm314-B5-H
OutlineFileName:C:\Program Files\Adobe\Adobe InDesign 2021\Resources\cooltype\typesupport\CMaps\HKm314-B5-V
FileLength:3034
FileModTime:1623329632
%EndFont

%BeginFont
Handler:DirectoryHandler
FontType:CMap
CMapName:HKm471-B5-H
Registry:Adobe
Ordering:CNS1
OutlineFileName:C:\Program Files\Adobe\Adobe InDesign 2021\Resources\cooltype\typesupport\CMaps\HKm471-B5-H
FileLength:17294
FileModTime:1623329632
%EndFont

%BeginFont
Handler:DirectoryHandler
FontType:CMap
CMapName:HKm471-B5-V
Registry:Adobe
Ordering:CNS1
UseCMap:HKm471-B5-H
OutlineFileName:C:\Program Files\Adobe\Adobe InDesign 2021\Resources\cooltype\typesupport\CMaps\HKm471-B5-V
FileLength:3034
FileModTime:1623329632
%EndFont

%BeginFont
Handler:DirectoryHandler
FontType:CMap
CMapName:HKscs-B5-H
Registry:Adobe
Ordering:CNS1
OutlineFileName:C:\Program Files\Adobe\Adobe InDesign 2021\Resources\cooltype\typesupport\CMaps\HKscs-B5-H
FileLength:24582
FileModTime:1623329632
%EndFont

%BeginFont
Handler:DirectoryHandler
FontType:CMap
CMapName:HKscs-B5-V
Registry:Adobe
Ordering:CNS1
UseCMap:HKscs-B5-H
OutlineFileName:C:\Program Files\Adobe\Adobe InDesign 2021\Resources\cooltype\typesupport\CMaps\HKscs-B5-V
FileLength:3049
FileModTime:1623329632
%EndFont

%BeginFont
Handler:DirectoryHandler
FontType:CMap
CMapName:Hankaku
Registry:Adobe
Ordering:Japan1
OutlineFileName:C:\Program Files\Adobe\Adobe InDesign 2021\Resources\cooltype\typesupport\CMaps\Hankaku
FileLength:2907
FileModTime:1623329632
%EndFont

%BeginFont
Handler:DirectoryHandler
FontType:CMap
CMapName:Hiragana
Registry:Adobe
Ordering:Japan1
OutlineFileName:C:\Program Files\Adobe\Adobe InDesign 2021\Resources\cooltype\typesupport\CMaps\Hiragana
FileLength:2879
FileModTime:1623329632
%EndFont

%BeginFont
Handler:DirectoryHandler
FontType:CMap
CMapName:Hojo-EUC-H
Registry:Adobe
Ordering:Japan2
OutlineFileName:C:\Program Files\Adobe\Adobe InDesign 2021\Resources\cooltype\typesupport\CMaps\Hojo-EUC-H
FileLength:4786
FileModTime:1623329632
%EndFont

%BeginFont
Handler:DirectoryHandler
FontType:CMap
CMapName:Hojo-EUC-V
Registry:Adobe
Ordering:Japan2
UseCMap:Hojo-EUC-H
OutlineFileName:C:\Program Files\Adobe\Adobe InDesign 2021\Resources\cooltype\typesupport\CMaps\Hojo-EUC-V
FileLength:2783
FileModTime:1623329632
%EndFont

%BeginFont
Handler:DirectoryHandler
FontType:CMap
CMapName:Hojo-H
Registry:Adobe
Ordering:Japan2
OutlineFileName:C:\Program Files\Adobe\Adobe InDesign 2021\Resources\cooltype\typesupport\CMaps\Hojo-H
FileLength:4436
FileModTime:1623329632
%EndFont

%BeginFont
Handler:DirectoryHandler
FontType:CMap
CMapName:Hojo-V
Registry:Adobe
Ordering:Japan2
UseCMap:Hojo-H
OutlineFileName:C:\Program Files\Adobe\Adobe InDesign 2021\Resources\cooltype\typesupport\CMaps\Hojo-V
FileLength:2759
FileModTime:1623329632
%EndFont

%BeginFont
Handler:DirectoryHandler
FontType:CMap
CMapName:Identity-H
Registry:Adobe
Ordering:Identity
OutlineFileName:C:\Program Files\Adobe\Adobe InDesign 2021\Resources\cooltype\typesupport\CMaps\Identity-H
FileLength:8157
FileModTime:1623329632
%EndFont

%BeginFont
Handler:DirectoryHandler
FontType:CMap
CMapName:Identity-V
Registry:Adobe
Ordering:Identity
UseCMap:Identity-H
OutlineFileName:C:\Program Files\Adobe\Adobe InDesign 2021\Resources\cooltype\typesupport\CMaps\Identity-V
FileLength:2690
FileModTime:1623329632
%EndFont

%BeginFont
Handler:DirectoryHandler
FontType:CMap
CMapName:KSC-EUC-H
Registry:Adobe
Ordering:Korea1
OutlineFileName:C:\Program Files\Adobe\Adobe InDesign 2021\Resources\cooltype\typesupport\CMaps\KSC-EUC-H
FileLength:12288
FileModTime:1623329632
%EndFont

%BeginFont
Handler:DirectoryHandler
FontType:CMap
CMapName:KSC-EUC-V
Registry:Adobe
Ordering:Korea1
UseCMap:KSC-EUC-H
OutlineFileName:C:\Program Files\Adobe\Adobe InDesign 2021\Resources\cooltype\typesupport\CMaps\KSC-EUC-V
FileLength:3128
FileModTime:1623329632
%EndFont

%BeginFont
Handler:DirectoryHandler
FontType:CMap
CMapName:KSC-H
Registry:Adobe
Ordering:Korea1
OutlineFileName:C:\Program Files\Adobe\Adobe InDesign 2021\Resources\cooltype\typesupport\CMaps\KSC-H
FileLength:12191
FileModTime:1623329632
%EndFont

%BeginFont
Handler:DirectoryHandler
FontType:CMap
CMapName:KSC-Johab-H
Registry:Adobe
Ordering:Korea1
OutlineFileName:C:\Program Files\Adobe\Adobe InDesign 2021\Resources\cooltype\typesupport\CMaps\KSC-Johab-H
FileLength:88593
FileModTime:1623329632
%EndFont

%BeginFont
Handler:DirectoryHandler
FontType:CMap
CMapName:KSC-Johab-V
Registry:Adobe
Ordering:Korea1
UseCMap:KSC-Johab-H
OutlineFileName:C:\Program Files\Adobe\Adobe InDesign 2021\Resources\cooltype\typesupport\CMaps\KSC-Johab-V
FileLength:3142
FileModTime:1623329632
%EndFont

%BeginFont
Handler:DirectoryHandler
FontType:CMap
CMapName:KSC-V
Registry:Adobe
Ordering:Korea1
UseCMap:KSC-H
OutlineFileName:C:\Program Files\Adobe\Adobe InDesign 2021\Resources\cooltype\typesupport\CMaps\KSC-V
FileLength:3104
FileModTime:1623329632
%EndFont

%BeginFont
Handler:DirectoryHandler
FontType:CMap
CMapName:KSCms-UHC-H
Registry:Adobe
Ordering:Korea1
OutlineFileName:C:\Program Files\Adobe\Adobe InDesign 2021\Resources\cooltype\typesupport\CMaps\KSCms-UHC-H
FileLength:16714
FileModTime:1623329632
%EndFont

%BeginFont
Handler:DirectoryHandler
FontType:CMap
CMapName:KSCms-UHC-HW-H
Registry:Adobe
Ordering:Korea1
OutlineFileName:C:\Program Files\Adobe\Adobe InDesign 2021\Resources\cooltype\typesupport\CMaps\KSCms-UHC-HW-H
FileLength:16709
FileModTime:1623329632
%EndFont

%BeginFont
Handler:DirectoryHandler
FontType:CMap
CMapName:KSCms-UHC-HW-V
Registry:Adobe
Ordering:Korea1
UseCMap:KSCms-UHC-HW-H
OutlineFileName:C:\Program Files\Adobe\Adobe InDesign 2021\Resources\cooltype\typesupport\CMaps\KSCms-UHC-HW-V
FileLength:3140
FileModTime:1623329632
%EndFont

%BeginFont
Handler:DirectoryHandler
FontType:CMap
CMapName:KSCms-UHC-V
Registry:Adobe
Ordering:Korea1
UseCMap:KSCms-UHC-H
OutlineFileName:C:\Program Files\Adobe\Adobe InDesign 2021\Resources\cooltype\typesupport\CMaps\KSCms-UHC-V
FileLength:3142
FileModTime:1623329632
%EndFont

%BeginFont
Handler:DirectoryHandler
FontType:CMap
CMapName:KSCpc-EUC-H
Registry:Adobe
Ordering:Korea1
OutlineFileName:C:\Program Files\Adobe\Adobe InDesign 2021\Resources\cooltype\typesupport\CMaps\KSCpc-EUC-H
FileLength:13161
FileModTime:1623329632
%EndFont

%BeginFont
Handler:DirectoryHandler
FontType:CMap
CMapName:KSCpc-EUC-V
Registry:Adobe
Ordering:Korea1
UseCMap:KSCpc-EUC-H
OutlineFileName:C:\Program Files\Adobe\Adobe InDesign 2021\Resources\cooltype\typesupport\CMaps\KSCpc-EUC-V
FileLength:3140
FileModTime:1623329632
%EndFont

%BeginFont
Handler:DirectoryHandler
FontType:CMap
CMapName:Katakana
Registry:Adobe
Ordering:Japan1
OutlineFileName:C:\Program Files\Adobe\Adobe InDesign 2021\Resources\cooltype\typesupport\CMaps\Katakana
FileLength:2789
FileModTime:1623329632
%EndFont

%BeginFont
Handler:DirectoryHandler
FontType:CMap
CMapName:NWP-H
Registry:Adobe
Ordering:Japan1
OutlineFileName:C:\Program Files\Adobe\Adobe InDesign 2021\Resources\cooltype\typesupport\CMaps\NWP-H
FileLength:18153
FileModTime:1623329632
%EndFont

%BeginFont
Handler:DirectoryHandler
FontType:CMap
CMapName:NWP-V
Registry:Adobe
Ordering:Japan1
UseCMap:NWP-H
OutlineFileName:C:\Program Files\Adobe\Adobe InDesign 2021\Resources\cooltype\typesupport\CMaps\NWP-V
FileLength:3726
FileModTime:1623329632
%EndFont

%BeginFont
Handler:DirectoryHandler
FontType:CMap
CMapName:RKSJ-H
Registry:Adobe
Ordering:Japan1
OutlineFileName:C:\Program Files\Adobe\Adobe InDesign 2021\Resources\cooltype\typesupport\CMaps\RKSJ-H
FileLength:5332
FileModTime:1623329632
%EndFont

%BeginFont
Handler:DirectoryHandler
FontType:CMap
CMapName:RKSJ-V
Registry:Adobe
Ordering:Japan1
UseCMap:RKSJ-H
OutlineFileName:C:\Program Files\Adobe\Adobe InDesign 2021\Resources\cooltype\typesupport\CMaps\RKSJ-V
FileLength:3332
FileModTime:1623329632
%EndFont

%BeginFont
Handler:DirectoryHandler
FontType:CMap
CMapName:Roman
Registry:Adobe
Ordering:Japan1
OutlineFileName:C:\Program Files\Adobe\Adobe InDesign 2021\Resources\cooltype\typesupport\CMaps\Roman
FileLength:2765
FileModTime:1623329632
%EndFont

%BeginFont
Handler:DirectoryHandler
FontType:CMap
CMapName:UniAKR-UTF16-H
Registry:Adobe
Ordering:KR
OutlineFileName:C:\Program Files\Adobe\Adobe InDesign 2021\Resources\cooltype\typesupport\CMaps\UniAKR-UTF16-H
FileLength:199147
FileModTime:1623329632
%EndFont

%BeginFont
Handler:DirectoryHandler
FontType:CMap
CMapName:UniAKR-UTF32-H
Registry:Adobe
Ordering:KR
OutlineFileName:C:\Program Files\Adobe\Adobe InDesign 2021\Resources\cooltype\typesupport\CMaps\UniAKR-UTF32-H
FileLength:263082
FileModTime:1623329632
%EndFont

%BeginFont
Handler:DirectoryHandler
FontType:CMap
CMapName:UniAKR-UTF8-H
Registry:Adobe
Ordering:KR
OutlineFileName:C:\Program Files\Adobe\Adobe InDesign 2021\Resources\cooltype\typesupport\CMaps\UniAKR-UTF8-H
FileLength:232694
FileModTime:1623329632
%EndFont

%BeginFont
Handler:DirectoryHandler
FontType:CMap
CMapName:UniCNS-UCS2-H
Registry:Adobe
Ordering:CNS1
OutlineFileName:C:\Program Files\Adobe\Adobe InDesign 2021\Resources\cooltype\typesupport\CMaps\UniCNS-UCS2-H
FileLength:343339
FileModTime:1623329632
%EndFont

%BeginFont
Handler:DirectoryHandler
FontType:CMap
CMapName:UniCNS-UCS2-V
Registry:Adobe
Ordering:CNS1
UseCMap:UniCNS-UCS2-H
OutlineFileName:C:\Program Files\Adobe\Adobe InDesign 2021\Resources\cooltype\typesupport\CMaps\UniCNS-UCS2-V
FileLength:3059
FileModTime:1623329632
%EndFont

%BeginFont
Handler:DirectoryHandler
FontType:CMap
CMapName:UniCNS-UTF16-H
Registry:Adobe
Ordering:CNS1
OutlineFileName:C:\Program Files\Adobe\Adobe InDesign 2021\Resources\cooltype\typesupport\CMaps\UniCNS-UTF16-H
FileLength:272399
FileModTime:1623329632
%EndFont

%BeginFont
Handler:DirectoryHandler
FontType:CMap
CMapName:UniCNS-UTF16-V
Registry:Adobe
Ordering:CNS1
UseCMap:UniCNS-UTF16-H
OutlineFileName:C:\Program Files\Adobe\Adobe InDesign 2021\Resources\cooltype\typesupport\CMaps\UniCNS-UTF16-V
FileLength:3052
FileModTime:1623329632
%EndFont

%BeginFont
Handler:DirectoryHandler
FontType:CMap
CMapName:UniCNS-UTF32-H
Registry:Adobe
Ordering:CNS1
OutlineFileName:C:\Program Files\Adobe\Adobe InDesign 2021\Resources\cooltype\typesupport\CMaps\UniCNS-UTF32-H
FileLength:343801
FileModTime:1623329632
%EndFont

%BeginFont
Handler:DirectoryHandler
FontType:CMap
CMapName:UniCNS-UTF32-V
Registry:Adobe
Ordering:CNS1
UseCMap:UniCNS-UTF32-H
OutlineFileName:C:\Program Files\Adobe\Adobe InDesign 2021\Resources\cooltype\typesupport\CMaps\UniCNS-UTF32-V
FileLength:3132
FileModTime:1623329632
%EndFont

%BeginFont
Handler:DirectoryHandler
FontType:CMap
CMapName:UniCNS-UTF8-H
Registry:Adobe
Ordering:CNS1
OutlineFileName:C:\Program Files\Adobe\Adobe InDesign 2021\Resources\cooltype\typesupport\CMaps\UniCNS-UTF8-H
FileLength:309265
FileModTime:1623329632
%EndFont

%BeginFont
Handler:DirectoryHandler
FontType:CMap
CMapName:UniCNS-UTF8-V
Registry:Adobe
Ordering:CNS1
UseCMap:UniCNS-UTF8-H
OutlineFileName:C:\Program Files\Adobe\Adobe InDesign 2021\Resources\cooltype\typesupport\CMaps\UniCNS-UTF8-V
FileLength:3088
FileModTime:1623329632
%EndFont

%BeginFont
Handler:DirectoryHandler
FontType:CMap
CMapName:UniGB-UCS2-H
Registry:Adobe
Ordering:GB1
OutlineFileName:C:\Program Files\Adobe\Adobe InDesign 2021\Resources\cooltype\typesupport\CMaps\UniGB-UCS2-H
FileLength:288702
FileModTime:1623329632
%EndFont

%BeginFont
Handler:DirectoryHandler
FontType:CMap
CMapName:UniGB-UCS2-V
Registry:Adobe
Ordering:GB1
UseCMap:UniGB-UCS2-H
OutlineFileName:C:\Program Files\Adobe\Adobe InDesign 2021\Resources\cooltype\typesupport\CMaps\UniGB-UCS2-V
FileLength:3266
FileModTime:1623329632
%EndFont

%BeginFont
Handler:DirectoryHandler
FontType:CMap
CMapName:UniGB-UTF16-H
Registry:Adobe
Ordering:GB1
OutlineFileName:C:\Program Files\Adobe\Adobe InDesign 2021\Resources\cooltype\typesupport\CMaps\UniGB-UTF16-H
FileLength:214364
FileModTime:1623329632
%EndFont

%BeginFont
Handler:DirectoryHandler
FontType:CMap
CMapName:UniGB-UTF16-V
Registry:Adobe
Ordering:GB1
UseCMap:UniGB-UTF16-H
OutlineFileName:C:\Program Files\Adobe\Adobe InDesign 2021\Resources\cooltype\typesupport\CMaps\UniGB-UTF16-V
FileLength:3163
FileModTime:1623329632
%EndFont

%BeginFont
Handler:DirectoryHandler
FontType:CMap
CMapName:UniGB-UTF32-H
Registry:Adobe
Ordering:GB1
OutlineFileName:C:\Program Files\Adobe\Adobe InDesign 2021\Resources\cooltype\typesupport\CMaps\UniGB-UTF32-H
FileLength:282290
FileModTime:1623329632
%EndFont

%BeginFont
Handler:DirectoryHandler
FontType:CMap
CMapName:UniGB-UTF32-V
Registry:Adobe
Ordering:GB1
UseCMap:UniGB-UTF32-H
OutlineFileName:C:\Program Files\Adobe\Adobe InDesign 2021\Resources\cooltype\typesupport\CMaps\UniGB-UTF32-V
FileLength:3279
FileModTime:1623329632
%EndFont

%BeginFont
Handler:DirectoryHandler
FontType:CMap
CMapName:UniGB-UTF8-H
Registry:Adobe
Ordering:GB1
OutlineFileName:C:\Program Files\Adobe\Adobe InDesign 2021\Resources\cooltype\typesupport\CMaps\UniGB-UTF8-H
FileLength:252420
FileModTime:1623329632
%EndFont

%BeginFont
Handler:DirectoryHandler
FontType:CMap
CMapName:UniGB-UTF8-V
Registry:Adobe
Ordering:GB1
UseCMap:UniGB-UTF8-H
OutlineFileName:C:\Program Files\Adobe\Adobe InDesign 2021\Resources\cooltype\typesupport\CMaps\UniGB-UTF8-V
FileLength:3217
FileModTime:1623329632
%EndFont

%BeginFont
Handler:DirectoryHandler
FontType:CMap
CMapName:UniHojo-UCS2-H
Registry:Adobe
Ordering:Japan2
OutlineFileName:C:\Program Files\Adobe\Adobe InDesign 2021\Resources\cooltype\typesupport\CMaps\UniHojo-UCS2-H
FileLength:88026
FileModTime:1623329632
%EndFont

%BeginFont
Handler:DirectoryHandler
FontType:CMap
CMapName:UniHojo-UCS2-V
Registry:Adobe
Ordering:Japan2
UseCMap:UniHojo-UCS2-H
OutlineFileName:C:\Program Files\Adobe\Adobe InDesign 2021\Resources\cooltype\typesupport\CMaps\UniHojo-UCS2-V
FileLength:2787
FileModTime:1623329632
%EndFont

%BeginFont
Handler:DirectoryHandler
FontType:CMap
CMapName:UniHojo-UTF16-H
Registry:Adobe
Ordering:Japan2
OutlineFileName:C:\Program Files\Adobe\Adobe InDesign 2021\Resources\cooltype\typesupport\CMaps\UniHojo-UTF16-H
FileLength:67414
FileModTime:1623329632
%EndFont

%BeginFont
Handler:DirectoryHandler
FontType:CMap
CMapName:UniHojo-UTF16-V
Registry:Adobe
Ordering:Japan2
UseCMap:UniHojo-UTF16-H
OutlineFileName:C:\Program Files\Adobe\Adobe InDesign 2021\Resources\cooltype\typesupport\CMaps\UniHojo-UTF16-V
FileLength:2793
FileModTime:1623329632
%EndFont

%BeginFont
Handler:DirectoryHandler
FontType:CMap
CMapName:UniHojo-UTF32-H
Registry:Adobe
Ordering:Japan2
OutlineFileName:C:\Program Files\Adobe\Adobe InDesign 2021\Resources\cooltype\typesupport\CMaps\UniHojo-UTF32-H
FileLength:89281
FileModTime:1623329632
%EndFont

%BeginFont
Handler:DirectoryHandler
FontType:CMap
CMapName:UniHojo-UTF32-V
Registry:Adobe
Ordering:Japan2
UseCMap:UniHojo-UTF32-H
OutlineFileName:C:\Program Files\Adobe\Adobe InDesign 2021\Resources\cooltype\typesupport\CMaps\UniHojo-UTF32-V
FileLength:2793
FileModTime:1623329632
%EndFont

%BeginFont
Handler:DirectoryHandler
FontType:CMap
CMapName:UniHojo-UTF8-H
Registry:Adobe
Ordering:Japan2
OutlineFileName:C:\Program Files\Adobe\Adobe InDesign 2021\Resources\cooltype\typesupport\CMaps\UniHojo-UTF8-H
FileLength:78190
FileModTime:1623329632
%EndFont

%BeginFont
Handler:DirectoryHandler
FontType:CMap
CMapName:UniHojo-UTF8-V
Registry:Adobe
Ordering:Japan2
UseCMap:UniHojo-UTF8-H
OutlineFileName:C:\Program Files\Adobe\Adobe InDesign 2021\Resources\cooltype\typesupport\CMaps\UniHojo-UTF8-V
FileLength:2789
FileModTime:1623329632
%EndFont

%BeginFont
Handler:DirectoryHandler
FontType:CMap
CMapName:UniJIS-UCS2-H
Registry:Adobe
Ordering:Japan1
OutlineFileName:C:\Program Files\Adobe\Adobe InDesign 2021\Resources\cooltype\typesupport\CMaps\UniJIS-UCS2-H
FileLength:177465
FileModTime:1623329632
%EndFont

%BeginFont
Handler:DirectoryHandler
FontType:CMap
CMapName:UniJIS-UCS2-HW-H
Registry:Adobe
Ordering:Japan1
UseCMap:UniJIS-UCS2-H
OutlineFileName:C:\Program Files\Adobe\Adobe InDesign 2021\Resources\cooltype\typesupport\CMaps\UniJIS-UCS2-HW-H
FileLength:2899
FileModTime:1623329632
%EndFont

%BeginFont
Handler:DirectoryHandler
FontType:CMap
CMapName:UniJIS-UCS2-HW-V
Registry:Adobe
Ordering:Japan1
UseCMap:UniJIS-UCS2-H
OutlineFileName:C:\Program Files\Adobe\Adobe InDesign 2021\Resources\cooltype\typesupport\CMaps\UniJIS-UCS2-HW-V
FileLength:6868
FileModTime:1623329632
%EndFont

%BeginFont
Handler:DirectoryHandler
FontType:CMap
CMapName:UniJIS-UCS2-V
Registry:Adobe
Ordering:Japan1
UseCMap:UniJIS-UCS2-H
OutlineFileName:C:\Program Files\Adobe\Adobe InDesign 2021\Resources\cooltype\typesupport\CMaps\UniJIS-UCS2-V
FileLength:6782
FileModTime:1623329632
%EndFont

%BeginFont
Handler:DirectoryHandler
FontType:CMap
CMapName:UniJIS-UTF16-H
Registry:Adobe
Ordering:Japan1
OutlineFileName:C:\Program Files\Adobe\Adobe InDesign 2021\Resources\cooltype\typesupport\CMaps\UniJIS-UTF16-H
FileLength:202557
FileModTime:1623329632
%EndFont

%BeginFont
Handler:DirectoryHandler
FontType:CMap
CMapName:UniJIS-UTF16-V
Registry:Adobe
Ordering:Japan1
UseCMap:UniJIS-UTF16-H
OutlineFileName:C:\Program Files\Adobe\Adobe InDesign 2021\Resources\cooltype\typesupport\CMaps\UniJIS-UTF16-V
FileLength:6074
FileModTime:1623329632
%EndFont

%BeginFont
Handler:DirectoryHandler
FontType:CMap
CMapName:UniJIS-UTF32-H
Registry:Adobe
Ordering:Japan1
OutlineFileName:C:\Program Files\Adobe\Adobe InDesign 2021\Resources\cooltype\typesupport\CMaps\UniJIS-UTF32-H
FileLength:259751
FileModTime:1623329632
%EndFont

%BeginFont
Handler:DirectoryHandler
FontType:CMap
CMapName:UniJIS-UTF32-V
Registry:Adobe
Ordering:Japan1
UseCMap:UniJIS-UTF32-H
OutlineFileName:C:\Program Files\Adobe\Adobe InDesign 2021\Resources\cooltype\typesupport\CMaps\UniJIS-UTF32-V
FileLength:7106
FileModTime:1623329632
%EndFont

%BeginFont
Handler:DirectoryHandler
FontType:CMap
CMapName:UniJIS-UTF8-H
Registry:Adobe
Ordering:Japan1
OutlineFileName:C:\Program Files\Adobe\Adobe InDesign 2021\Resources\cooltype\typesupport\CMaps\UniJIS-UTF8-H
FileLength:230816
FileModTime:1623329632
%EndFont

%BeginFont
Handler:DirectoryHandler
FontType:CMap
CMapName:UniJIS-UTF8-V
Registry:Adobe
Ordering:Japan1
UseCMap:UniJIS-UTF8-H
OutlineFileName:C:\Program Files\Adobe\Adobe InDesign 2021\Resources\cooltype\typesupport\CMaps\UniJIS-UTF8-V
FileLength:6600
FileModTime:1623329632
%EndFont

%BeginFont
Handler:DirectoryHandler
FontType:CMap
CMapName:UniJIS2004-UTF16-H
Registry:Adobe
Ordering:Japan1
OutlineFileName:C:\Program Files\Adobe\Adobe InDesign 2021\Resources\cooltype\typesupport\CMaps\UniJIS2004-UTF16-H
FileLength:202640
FileModTime:1623329632
%EndFont

%BeginFont
Handler:DirectoryHandler
FontType:CMap
CMapName:UniJIS2004-UTF16-V
Registry:Adobe
Ordering:Japan1
UseCMap:UniJIS2004-UTF16-H
OutlineFileName:C:\Program Files\Adobe\Adobe InDesign 2021\Resources\cooltype\typesupport\CMaps\UniJIS2004-UTF16-V
FileLength:6098
FileModTime:1623329632
%EndFont

%BeginFont
Handler:DirectoryHandler
FontType:CMap
CMapName:UniJIS2004-UTF32-H
Registry:Adobe
Ordering:Japan1
OutlineFileName:C:\Program Files\Adobe\Adobe InDesign 2021\Resources\cooltype\typesupport\CMaps\UniJIS2004-UTF32-H
FileLength:259834
FileModTime:1623329632
%EndFont

%BeginFont
Handler:DirectoryHandler
FontType:CMap
CMapName:UniJIS2004-UTF32-V
Registry:Adobe
Ordering:Japan1
UseCMap:UniJIS2004-UTF32-H
OutlineFileName:C:\Program Files\Adobe\Adobe InDesign 2021\Resources\cooltype\typesupport\CMaps\UniJIS2004-UTF32-V
FileLength:7130
FileModTime:1623329632
%EndFont

%BeginFont
Handler:DirectoryHandler
FontType:CMap
CMapName:UniJIS2004-UTF8-H
Registry:Adobe
Ordering:Japan1
OutlineFileName:C:\Program Files\Adobe\Adobe InDesign 2021\Resources\cooltype\typesupport\CMaps\UniJIS2004-UTF8-H
FileLength:230897
FileModTime:1623329632
%EndFont

%BeginFont
Handler:DirectoryHandler
FontType:CMap
CMapName:UniJIS2004-UTF8-V
Registry:Adobe
Ordering:Japan1
UseCMap:UniJIS2004-UTF8-H
OutlineFileName:C:\Program Files\Adobe\Adobe InDesign 2021\Resources\cooltype\typesupport\CMaps\UniJIS2004-UTF8-V
FileLength:6622
FileModTime:1623329632
%EndFont

%BeginFont
Handler:DirectoryHandler
FontType:CMap
CMapName:UniJISB-UCS2-H
Registry:Adobe
Ordering:Japan1
OutlineFileName:C:\Program Files\Adobe\Adobe InDesign 2021\Resources\cooltype\typesupport\CMaps\UniJISB-UCS2-H
FileLength:143124
FileModTime:1623329632
%EndFont

%BeginFont
Handler:DirectoryHandler
FontType:CMap
CMapName:UniJISPro-UCS2-HW-V
Registry:Adobe
Ordering:Japan1
UseCMap:UniJIS-UCS2-H
OutlineFileName:C:\Program Files\Adobe\Adobe InDesign 2021\Resources\cooltype\typesupport\CMaps\UniJISPro-UCS2-HW-V
FileLength:7014
FileModTime:1623329632
%EndFont

%BeginFont
Handler:DirectoryHandler
FontType:CMap
CMapName:UniJISPro-UCS2-V
Registry:Adobe
Ordering:Japan1
UseCMap:UniJIS-UCS2-H
OutlineFileName:C:\Program Files\Adobe\Adobe InDesign 2021\Resources\cooltype\typesupport\CMaps\UniJISPro-UCS2-V
FileLength:6896
FileModTime:1623329632
%EndFont

%BeginFont
Handler:DirectoryHandler
FontType:CMap
CMapName:UniJISPro-UTF8-V
Registry:Adobe
Ordering:Japan1
UseCMap:UniJIS-UTF8-H
OutlineFileName:C:\Program Files\Adobe\Adobe InDesign 2021\Resources\cooltype\typesupport\CMaps\UniJISPro-UTF8-V
FileLength:7749
FileModTime:1623329632
%EndFont

%BeginFont
Handler:DirectoryHandler
FontType:CMap
CMapName:UniJISX0213-UTF32-H
Registry:Adobe
Ordering:Japan1
OutlineFileName:C:\Program Files\Adobe\Adobe InDesign 2021\Resources\cooltype\typesupport\CMaps\UniJISX0213-UTF32-H
FileLength:259704
FileModTime:1623329632
%EndFont

%BeginFont
Handler:DirectoryHandler
FontType:CMap
CMapName:UniJISX0213-UTF32-V
Registry:Adobe
Ordering:Japan1
UseCMap:UniJISX0213-UTF32-H
OutlineFileName:C:\Program Files\Adobe\Adobe InDesign 2021\Resources\cooltype\typesupport\CMaps\UniJISX0213-UTF32-V
FileLength:7068
FileModTime:1623329632
%EndFont

%BeginFont
Handler:DirectoryHandler
FontType:CMap
CMapName:UniJISX02132004-UTF32-H
Registry:Adobe
Ordering:Japan1
OutlineFileName:C:\Program Files\Adobe\Adobe InDesign 2021\Resources\cooltype\typesupport\CMaps\UniJISX02132004-UTF32-H
FileLength:259818
FileModTime:1623329632
%EndFont

%BeginFont
Handler:DirectoryHandler
FontType:CMap
CMapName:UniJISX02132004-UTF32-V
Registry:Adobe
Ordering:Japan1
UseCMap:UniJISX02132004-UTF32-H
OutlineFileName:C:\Program Files\Adobe\Adobe InDesign 2021\Resources\cooltype\typesupport\CMaps\UniJISX02132004-UTF32-V
FileLength:7092
FileModTime:1623329632
%EndFont

%BeginFont
Handler:DirectoryHandler
FontType:CMap
CMapName:UniKS-UCS2-H
Registry:Adobe
Ordering:Korea1
OutlineFileName:C:\Program Files\Adobe\Adobe InDesign 2021\Resources\cooltype\typesupport\CMaps\UniKS-UCS2-H
FileLength:174732
FileModTime:1623329632
%EndFont

%BeginFont
Handler:DirectoryHandler
FontType:CMap
CMapName:UniKS-UCS2-V
Registry:Adobe
Ordering:Korea1
UseCMap:UniKS-UCS2-H
OutlineFileName:C:\Program Files\Adobe\Adobe InDesign 2021\Resources\cooltype\typesupport\CMaps\UniKS-UCS2-V
FileLength:3169
FileModTime:1623329632
%EndFont

%BeginFont
Handler:DirectoryHandler
FontType:CMap
CMapName:UniKS-UTF16-H
Registry:Adobe
Ordering:Korea1
OutlineFileName:C:\Program Files\Adobe\Adobe InDesign 2021\Resources\cooltype\typesupport\CMaps\UniKS-UTF16-H
FileLength:131831
FileModTime:1623329632
%EndFont

%BeginFont
Handler:DirectoryHandler
FontType:CMap
CMapName:UniKS-UTF16-V
Registry:Adobe
Ordering:Korea1
UseCMap:UniKS-UTF16-H
OutlineFileName:C:\Program Files\Adobe\Adobe InDesign 2021\Resources\cooltype\typesupport\CMaps\UniKS-UTF16-V
FileLength:3127
FileModTime:1623329632
%EndFont

%BeginFont
Handler:DirectoryHandler
FontType:CMap
CMapName:UniKS-UTF32-H
Registry:Adobe
Ordering:Korea1
OutlineFileName:C:\Program Files\Adobe\Adobe InDesign 2021\Resources\cooltype\typesupport\CMaps\UniKS-UTF32-H
FileLength:173901
FileModTime:1623329632
%EndFont

%BeginFont
Handler:DirectoryHandler
FontType:CMap
CMapName:UniKS-UTF32-V
Registry:Adobe
Ordering:Korea1
UseCMap:UniKS-UTF32-H
OutlineFileName:C:\Program Files\Adobe\Adobe InDesign 2021\Resources\cooltype\typesupport\CMaps\UniKS-UTF32-V
FileLength:3227
FileModTime:1623329632
%EndFont

%BeginFont
Handler:DirectoryHandler
FontType:CMap
CMapName:UniKS-UTF8-H
Registry:Adobe
Ordering:Korea1
OutlineFileName:C:\Program Files\Adobe\Adobe InDesign 2021\Resources\cooltype\typesupport\CMaps\UniKS-UTF8-H
FileLength:154834
FileModTime:1623329632
%EndFont

%BeginFont
Handler:DirectoryHandler
FontType:CMap
CMapName:UniKS-UTF8-V
Registry:Adobe
Ordering:Korea1
UseCMap:UniKS-UTF8-H
OutlineFileName:C:\Program Files\Adobe\Adobe InDesign 2021\Resources\cooltype\typesupport\CMaps\UniKS-UTF8-V
FileLength:3173
FileModTime:1623329632
%EndFont

%BeginFont
Handler:DirectoryHandler
FontType:CMap
CMapName:V
Registry:Adobe
Ordering:Japan1
UseCMap:H
OutlineFileName:C:\Program Files\Adobe\Adobe InDesign 2021\Resources\cooltype\typesupport\CMaps\V
FileLength:3302
FileModTime:1623329632
%EndFont

%BeginFont
Handler:DirectoryHandler
FontType:CMap
CMapName:WP-Symbol
Registry:Adobe
Ordering:Japan1
OutlineFileName:C:\Program Files\Adobe\Adobe InDesign 2021\Resources\cooltype\typesupport\CMaps\WP-Symbol
FileLength:3196
FileModTime:1623329632
%EndFont

